<?xml version="1.0" encoding="utf-8"?><testsuites name="pytest tests"><testsuite name="pytest" errors="0" failures="2" skipped="0" tests="47" time="11.691" timestamp="2026-02-04T09:33:45.465346+00:00" hostname="agent-env-d24432ee-8395-4ef9-8a6c-8b52f2ddcd11"><testcase classname="backend.tests.test_medequipmart_api.TestHealthAndConfig" name="test_config_endpoint" time="0.075" /><testcase classname="backend.tests.test_medequipmart_api.TestHealthAndConfig" name="test_categories_endpoint" time="0.041" /><testcase classname="backend.tests.test_medequipmart_api.TestAuthentication" name="test_admin_login_success" time="0.263" /><testcase classname="backend.tests.test_medequipmart_api.TestAuthentication" name="test_user_login_success" time="0.306" /><testcase classname="backend.tests.test_medequipmart_api.TestAuthentication" name="test_login_invalid_credentials" time="0.044" /><testcase classname="backend.tests.test_medequipmart_api.TestAuthentication" name="test_auth_me_with_token" time="0.298" /><testcase classname="backend.tests.test_medequipmart_api.TestAuthentication" name="test_auth_me_without_token" time="0.040"><failure message="assert 520 == 403&#10; +  where 520 = &lt;Response [520]&gt;.status_code">backend/tests/test_medequipmart_api.py:98: in test_auth_me_without_token
    assert response.status_code == 403
E   assert 520 == 403
E    +  where 520 = &lt;Response [520]&gt;.status_code</failure></testcase><testcase classname="backend.tests.test_medequipmart_api.TestProducts" name="test_get_all_products" time="0.038" /><testcase classname="backend.tests.test_medequipmart_api.TestProducts" name="test_get_products_by_category" time="0.040" /><testcase classname="backend.tests.test_medequipmart_api.TestProducts" name="test_get_products_by_search" time="0.037" /><testcase classname="backend.tests.test_medequipmart_api.TestProducts" name="test_get_single_product" time="0.073" /><testcase classname="backend.tests.test_medequipmart_api.TestProducts" name="test_get_nonexistent_product" time="0.037" /><testcase classname="backend.tests.test_medequipmart_api.TestAdminProducts" name="test_admin_create_product" time="0.456" /><testcase classname="backend.tests.test_medequipmart_api.TestAdminProducts" name="test_admin_delete_product" time="0.417" /><testcase classname="backend.tests.test_medequipmart_api.TestAdminProducts" name="test_non_admin_cannot_create_product" time="0.301" /><testcase classname="backend.tests.test_medequipmart_api.TestCart" name="test_add_to_cart" time="0.336" /><testcase classname="backend.tests.test_medequipmart_api.TestCart" name="test_get_cart" time="0.295" /><testcase classname="backend.tests.test_medequipmart_api.TestCart" name="test_update_cart" time="0.422" /><testcase classname="backend.tests.test_medequipmart_api.TestCart" name="test_remove_from_cart" time="0.366" /><testcase classname="backend.tests.test_medequipmart_api.TestCart" name="test_cart_requires_auth" time="0.038"><failure message="assert 520 == 403&#10; +  where 520 = &lt;Response [520]&gt;.status_code">backend/tests/test_medequipmart_api.py:330: in test_cart_requires_auth
    assert response.status_code == 403
E   assert 520 == 403
E    +  where 520 = &lt;Response [520]&gt;.status_code</failure></testcase><testcase classname="backend.tests.test_medequipmart_api.TestBulkEnquiries" name="test_create_bulk_enquiry" time="0.339" /><testcase classname="backend.tests.test_medequipmart_api.TestBulkEnquiries" name="test_get_my_enquiries" time="0.302" /><testcase classname="backend.tests.test_medequipmart_api.TestBulkEnquiries" name="test_admin_get_all_enquiries" time="0.302" /><testcase classname="backend.tests.test_medequipmart_api.TestBulkEnquiries" name="test_admin_update_enquiry_status" time="0.657" /><testcase classname="backend.tests.test_medequipmart_api.TestAdminEndpoints" name="test_admin_get_orders" time="0.340" /><testcase classname="backend.tests.test_medequipmart_api.TestAdminEndpoints" name="test_admin_get_reviews" time="0.303" /><testcase classname="backend.tests.test_medequipmart_api.TestAdminEndpoints" name="test_admin_get_verifications" time="0.301" /><testcase classname="backend.tests.test_medequipmart_api.TestReviews" name="test_create_review" time="0.346" /><testcase classname="backend.tests.test_medequipmart_api.TestReviews" name="test_get_product_reviews" time="0.075" /><testcase classname="backend.tests.test_medequipmart_api.TestReviews" name="test_get_featured_reviews" time="0.041" /><testcase classname="backend.tests.test_medequipmart_api.TestUserOrders" name="test_get_my_orders" time="0.339" /><testcase classname="backend.tests.test_payment_methods.TestPaymentMethodsAPI" name="test_get_all_payment_methods" time="0.038" /><testcase classname="backend.tests.test_payment_methods.TestCartPaymentMethods" name="test_get_cart_payment_methods_empty_cart" time="0.302" /><testcase classname="backend.tests.test_payment_methods.TestCartPaymentMethods" name="test_cart_payment_methods_requires_auth" time="0.032" /><testcase classname="backend.tests.test_payment_methods.TestCODOrderCreation" name="test_create_cod_order" time="0.376" /><testcase classname="backend.tests.test_payment_methods.TestCODOrderCreation" name="test_create_bank_transfer_order" time="0.337" /><testcase classname="backend.tests.test_payment_methods.TestCODOrderCreation" name="test_create_pay_later_order" time="0.386" /><testcase classname="backend.tests.test_payment_methods.TestCODOrderCreation" name="test_invalid_payment_method_rejected" time="0.394" /><testcase classname="backend.tests.test_payment_methods.TestProductLikeFeature" name="test_like_product" time="0.335" /><testcase classname="backend.tests.test_payment_methods.TestProductLikeFeature" name="test_check_product_liked" time="0.332" /><testcase classname="backend.tests.test_payment_methods.TestProductLikeFeature" name="test_toggle_like_unlike" time="0.394" /><testcase classname="backend.tests.test_payment_methods.TestProductLikeFeature" name="test_like_requires_auth" time="0.069" /><testcase classname="backend.tests.test_payment_methods.TestProductLikeFeature" name="test_check_liked_requires_auth" time="0.068" /><testcase classname="backend.tests.test_payment_methods.TestAdminProductPaymentMethods" name="test_create_product_with_payment_methods" time="0.413" /><testcase classname="backend.tests.test_payment_methods.TestAdminProductPaymentMethods" name="test_update_product_payment_methods" time="0.415" /><testcase classname="backend.tests.test_payment_methods.TestAdminProductPaymentMethods" name="test_create_product_with_all_payment_methods" time="0.335" /><testcase classname="backend.tests.test_payment_methods.TestRelatedProducts" name="test_get_related_products" time="0.077" /></testsuite></testsuites>