<?xml version="1.0" encoding="utf-8"?><testsuites name="pytest tests"><testsuite name="pytest" errors="0" failures="0" skipped="0" tests="16" time="4.362" timestamp="2026-02-04T09:30:03.499393+00:00" hostname="agent-env-d24432ee-8395-4ef9-8a6c-8b52f2ddcd11"><testcase classname="backend.tests.test_payment_methods.TestPaymentMethodsAPI" name="test_get_all_payment_methods" time="0.066" /><testcase classname="backend.tests.test_payment_methods.TestCartPaymentMethods" name="test_get_cart_payment_methods_empty_cart" time="0.311" /><testcase classname="backend.tests.test_payment_methods.TestCartPaymentMethods" name="test_cart_payment_methods_requires_auth" time="0.036" /><testcase classname="backend.tests.test_payment_methods.TestCODOrderCreation" name="test_create_cod_order" time="0.381" /><testcase classname="backend.tests.test_payment_methods.TestCODOrderCreation" name="test_create_bank_transfer_order" time="0.339" /><testcase classname="backend.tests.test_payment_methods.TestCODOrderCreation" name="test_create_pay_later_order" time="0.342" /><testcase classname="backend.tests.test_payment_methods.TestCODOrderCreation" name="test_invalid_payment_method_rejected" time="0.336" /><testcase classname="backend.tests.test_payment_methods.TestProductLikeFeature" name="test_like_product" time="0.380" /><testcase classname="backend.tests.test_payment_methods.TestProductLikeFeature" name="test_check_product_liked" time="0.341" /><testcase classname="backend.tests.test_payment_methods.TestProductLikeFeature" name="test_toggle_like_unlike" time="0.380" /><testcase classname="backend.tests.test_payment_methods.TestProductLikeFeature" name="test_like_requires_auth" time="0.071" /><testcase classname="backend.tests.test_payment_methods.TestProductLikeFeature" name="test_check_liked_requires_auth" time="0.075" /><testcase classname="backend.tests.test_payment_methods.TestAdminProductPaymentMethods" name="test_create_product_with_payment_methods" time="0.366" /><testcase classname="backend.tests.test_payment_methods.TestAdminProductPaymentMethods" name="test_update_product_payment_methods" time="0.454" /><testcase classname="backend.tests.test_payment_methods.TestAdminProductPaymentMethods" name="test_create_product_with_all_payment_methods" time="0.332" /><testcase classname="backend.tests.test_payment_methods.TestRelatedProducts" name="test_get_related_products" time="0.079" /></testsuite></testsuites>